[2018-08-03T17:53:32.077] [DEBUG] default - server is running
[2018-08-03T17:53:32.084] [DEBUG] default - 3578
[2018-08-03T17:53:32.085] [DEBUG] default - 15S9T6Z2B064S999C8G6
[2018-08-03T17:53:34.082] [DEBUG] default - server is running
[2018-08-03T17:53:34.084] [DEBUG] default - 4659
[2018-08-03T17:53:34.084] [DEBUG] default - N7J085C1D8V0Q8C0W950
[2018-08-03T17:53:36.086] [DEBUG] default - server is running
[2018-08-03T17:53:36.087] [DEBUG] default - 3707
[2018-08-03T17:53:36.087] [DEBUG] default - S8T4K5F0U9C9S3Q633V7
[2018-08-03T17:53:38.085] [DEBUG] default - server is running
[2018-08-03T17:53:38.087] [DEBUG] default - 5114
[2018-08-03T17:53:38.088] [DEBUG] default - 13E56859P1L2V453Y464
[2018-08-03T17:53:40.085] [DEBUG] default - server is running
[2018-08-03T17:53:40.087] [DEBUG] default - 3689
[2018-08-03T17:53:40.088] [DEBUG] default - B279P7A9U4C797F5E715
[2018-08-03T17:53:42.087] [DEBUG] default - server is running
[2018-08-03T17:53:42.088] [DEBUG] default - 1962
[2018-08-03T17:53:42.090] [DEBUG] default - V3J9Q55332A3Q6T4Q2L8
[2018-08-03T17:53:44.089] [DEBUG] default - server is running
[2018-08-03T17:53:44.091] [DEBUG] default - 0015
[2018-08-03T17:53:44.092] [DEBUG] default - 15X6T08092X6T885F7K8
[2018-08-03T17:53:46.091] [DEBUG] default - server is running
[2018-08-03T17:53:46.092] [DEBUG] default - 8511
[2018-08-03T17:53:46.093] [DEBUG] default - J1L8T7H7Z566N5Y1X9Z6
[2018-08-03T17:53:53.051] [DEBUG] default - server is running
[2018-08-03T17:53:53.058] [DEBUG] default - 6291
[2018-08-03T17:53:53.059] [DEBUG] default - N8F682Y7F8K877L7E284
[2018-08-03T17:53:55.053] [DEBUG] default - server is running
[2018-08-03T17:53:55.055] [DEBUG] default - 3188
[2018-08-03T17:53:55.056] [DEBUG] default - W363R0J792K8V0K9Y066
[2018-08-03T17:53:57.057] [DEBUG] default - server is running
[2018-08-03T17:53:57.059] [DEBUG] default - 4156
[2018-08-03T17:53:57.060] [DEBUG] default - M473N521L3W29167Z9J1
[2018-08-03T17:53:59.058] [DEBUG] default - server is running
[2018-08-03T17:53:59.059] [DEBUG] default - 1059
[2018-08-03T17:53:59.060] [DEBUG] default - C5J3S7A545W571B127T4
[2018-08-03T17:54:01.063] [DEBUG] default - server is running
[2018-08-03T17:54:01.064] [DEBUG] default - 4649
[2018-08-03T17:54:01.066] [DEBUG] default - 26N1B9T9E2B7T4X7C8T2
[2018-08-03T17:54:03.067] [DEBUG] default - server is running
[2018-08-03T17:54:03.069] [DEBUG] default - 4729
[2018-08-03T17:54:03.070] [DEBUG] default - 26N7W222B9U7D267A129
[2018-08-03T17:54:05.070] [DEBUG] default - server is running
[2018-08-03T17:54:05.072] [DEBUG] default - 7580
[2018-08-03T17:54:05.073] [DEBUG] default - E7Y3M573V8D325W4M5E0
[2018-08-03T17:54:07.075] [DEBUG] default - server is running
[2018-08-03T17:54:07.076] [DEBUG] default - 9702
[2018-08-03T17:54:07.077] [DEBUG] default - P754F454B778X4W9G324
[2018-08-03T17:54:09.080] [DEBUG] default - server is running
[2018-08-03T17:54:09.082] [DEBUG] default - 0083
[2018-08-03T17:54:09.083] [DEBUG] default - X5D832B0M6F3F9D9L4V9
[2018-08-03T17:54:11.085] [DEBUG] default - server is running
[2018-08-03T17:54:11.087] [DEBUG] default - 8569
[2018-08-03T17:54:11.088] [DEBUG] default - Q29448R9V5M6Y4M8J9F2
[2018-08-03T17:54:13.090] [DEBUG] default - server is running
[2018-08-03T17:54:13.092] [DEBUG] default - 4282
[2018-08-03T17:54:13.093] [DEBUG] default - 45148615P8X7T3U4L0B2
[2018-08-03T17:54:15.095] [DEBUG] default - server is running
[2018-08-03T17:54:15.097] [DEBUG] default - 7449
[2018-08-03T17:54:15.098] [DEBUG] default - 43X4Q4G7A686C188N5T8
[2018-08-03T17:54:17.095] [DEBUG] default - server is running
[2018-08-03T17:54:17.097] [DEBUG] default - 1014
[2018-08-03T17:54:17.098] [DEBUG] default - G34860L8S3G2G566A5P2
[2018-08-03T17:54:19.098] [DEBUG] default - server is running
[2018-08-03T17:54:19.099] [DEBUG] default - 5797
[2018-08-03T17:54:19.100] [DEBUG] default - H847G1Z211X6K029K195
[2018-08-03T17:54:21.101] [DEBUG] default - server is running
[2018-08-03T17:54:21.102] [DEBUG] default - 5994
[2018-08-03T17:54:21.103] [DEBUG] default - F3W3B3Y2S564M8Z8M0D1
[2018-08-03T17:54:23.103] [DEBUG] default - server is running
[2018-08-03T17:54:23.104] [DEBUG] default - 2292
[2018-08-03T17:54:23.105] [DEBUG] default - A9789796V0X9W958E7N2
[2018-08-03T17:54:25.106] [DEBUG] default - server is running
[2018-08-03T17:54:25.107] [DEBUG] default - 9880
[2018-08-03T17:54:25.108] [DEBUG] default - W2U1S7J4Y8K9T481W025
[2018-08-03T17:54:27.111] [DEBUG] default - server is running
[2018-08-03T17:54:27.112] [DEBUG] default - 0877
[2018-08-03T17:54:27.114] [DEBUG] default - A5C448G4A050A7C2X858
[2018-08-03T17:54:29.117] [DEBUG] default - server is running
[2018-08-03T17:54:29.118] [DEBUG] default - 1329
[2018-08-03T17:54:29.120] [DEBUG] default - M7K2N6V9Q5U7Z3R531Z1
[2018-08-03T17:54:31.117] [DEBUG] default - server is running
[2018-08-03T17:54:31.119] [DEBUG] default - 3366
[2018-08-03T17:54:31.120] [DEBUG] default - L973B9E7U18438M0S3J3
[2018-08-03T17:54:33.122] [DEBUG] default - server is running
[2018-08-03T17:54:33.124] [DEBUG] default - 8293
[2018-08-03T17:54:33.125] [DEBUG] default - H1Y7D5F0U2M6H348W329
[2018-08-03T17:54:35.123] [DEBUG] default - server is running
[2018-08-03T17:54:35.125] [DEBUG] default - 5367
[2018-08-03T17:54:35.126] [DEBUG] default - P6W06455B45835R5M727
[2018-08-03T17:54:37.124] [DEBUG] default - server is running
[2018-08-03T17:54:37.126] [DEBUG] default - 8078
[2018-08-03T17:54:37.127] [DEBUG] default - W554C56228S6P5H1X1Y3
[2018-08-03T17:54:39.127] [DEBUG] default - server is running
[2018-08-03T17:54:39.128] [DEBUG] default - 5669
[2018-08-03T17:54:39.130] [DEBUG] default - G5G639S3C8M54616D719
[2018-08-03T17:54:41.130] [DEBUG] default - server is running
[2018-08-03T17:54:41.131] [DEBUG] default - 1297
[2018-08-03T17:54:41.132] [DEBUG] default - B8T0S9N832A6H229B3H6
[2018-08-03T17:54:43.132] [DEBUG] default - server is running
[2018-08-03T17:54:43.133] [DEBUG] default - 1466
[2018-08-03T17:54:43.134] [DEBUG] default - E2B8B8E3C448Q366E653
[2018-08-03T17:54:45.136] [DEBUG] default - server is running
[2018-08-03T17:54:45.137] [DEBUG] default - 2259
[2018-08-03T17:54:45.138] [DEBUG] default - G4E3A0C248E0M1B4A8F2
[2018-08-03T17:54:47.136] [DEBUG] default - server is running
[2018-08-03T17:54:47.137] [DEBUG] default - 6003
[2018-08-03T17:54:47.138] [DEBUG] default - A3B2E9P7F4S9Y11466T5
[2018-08-03T17:54:49.138] [DEBUG] default - server is running
[2018-08-03T17:54:49.140] [DEBUG] default - 7259
[2018-08-03T17:54:49.141] [DEBUG] default - J3X7V557K5E31255N1T5
[2018-08-03T17:54:51.143] [DEBUG] default - server is running
[2018-08-03T17:54:51.144] [DEBUG] default - 2358
[2018-08-03T17:54:51.146] [DEBUG] default - 1277X3A8B92339R3Q7U5
[2018-08-03T17:54:53.148] [DEBUG] default - server is running
[2018-08-03T17:54:53.149] [DEBUG] default - 8378
[2018-08-03T17:54:53.150] [DEBUG] default - Y939M2J6C711D7Z5G160
[2018-08-03T17:54:55.151] [DEBUG] default - server is running
[2018-08-03T17:54:55.152] [DEBUG] default - 7054
[2018-08-03T17:54:55.153] [DEBUG] default - 46J725B1L789H764G8Q5
[2018-08-03T17:54:57.153] [DEBUG] default - server is running
[2018-08-03T17:54:57.154] [DEBUG] default - 1604
[2018-08-03T17:54:57.155] [DEBUG] default - 70P2X1Y1P1S768E9F0E7
[2018-08-03T17:54:59.156] [DEBUG] default - server is running
[2018-08-03T17:54:59.157] [DEBUG] default - 8551
[2018-08-03T17:54:59.158] [DEBUG] default - A1U5M862B1U0G41189D2
[2018-08-03T17:55:01.158] [DEBUG] default - server is running
[2018-08-03T17:55:01.159] [DEBUG] default - 8662
[2018-08-03T17:55:01.160] [DEBUG] default - 41V365K838M0W5V9W5C1
[2018-08-03T17:55:03.161] [DEBUG] default - server is running
[2018-08-03T17:55:03.163] [DEBUG] default - 9354
[2018-08-03T17:55:03.164] [DEBUG] default - J9M760N8M4L2J1Z236S9
[2018-08-03T17:55:05.162] [DEBUG] default - server is running
[2018-08-03T17:55:05.164] [DEBUG] default - 1486
[2018-08-03T17:55:05.165] [DEBUG] default - U4T6C78969U64314A8D5
[2018-08-03T17:55:07.164] [DEBUG] default - server is running
[2018-08-03T17:55:07.165] [DEBUG] default - 1888
[2018-08-03T17:55:07.166] [DEBUG] default - M0C3Z2L3G1G2Z1N7U6R1
[2018-08-03T17:55:09.169] [DEBUG] default - server is running
[2018-08-03T17:55:09.170] [DEBUG] default - 9943
[2018-08-03T17:55:09.171] [DEBUG] default - 54B7P464268127L76052
[2018-08-03T17:55:11.169] [DEBUG] default - server is running
[2018-08-03T17:55:11.170] [DEBUG] default - 8457
[2018-08-03T17:55:11.171] [DEBUG] default - M0P8H2N5J818D336R3Y3
[2018-08-03T17:55:13.172] [DEBUG] default - server is running
[2018-08-03T17:55:13.173] [DEBUG] default - 3624
[2018-08-03T17:55:13.174] [DEBUG] default - 67B0P9102178C8W528C0
[2018-08-03T17:55:15.174] [DEBUG] default - server is running
[2018-08-03T17:55:15.175] [DEBUG] default - 7765
[2018-08-03T17:55:15.176] [DEBUG] default - A6Q6G8B5W4Q7P8Y7X834
[2018-08-03T17:55:17.178] [DEBUG] default - server is running
[2018-08-03T17:55:17.179] [DEBUG] default - 4966
[2018-08-03T17:55:17.180] [DEBUG] default - 4031A9D938G079Q0M7J1
[2018-08-03T17:55:19.178] [DEBUG] default - server is running
[2018-08-03T17:55:19.180] [DEBUG] default - 6025
[2018-08-03T17:55:19.181] [DEBUG] default - Q7W96827Y070L2V0H2M6
[2018-08-03T17:55:21.178] [DEBUG] default - server is running
[2018-08-03T17:55:21.180] [DEBUG] default - 4839
[2018-08-03T17:55:21.181] [DEBUG] default - Q7D5G083R7D5V6X1T0V4
[2018-08-03T17:55:23.182] [DEBUG] default - server is running
[2018-08-03T17:55:23.184] [DEBUG] default - 7579
[2018-08-03T17:55:23.185] [DEBUG] default - G3N5T1Z4B9G9W6Y8A082
[2018-08-03T17:55:25.187] [DEBUG] default - server is running
[2018-08-03T17:55:25.189] [DEBUG] default - 2403
[2018-08-03T17:55:25.190] [DEBUG] default - T8A8V0D0W094E3U413U5
[2018-08-03T17:55:27.188] [DEBUG] default - server is running
[2018-08-03T17:55:27.189] [DEBUG] default - 6232
[2018-08-03T17:55:27.190] [DEBUG] default - M9B4T278J3Z7E5R6M8N5
[2018-08-03T17:55:29.193] [DEBUG] default - server is running
[2018-08-03T17:55:29.194] [DEBUG] default - 8437
[2018-08-03T17:55:29.195] [DEBUG] default - L4X2W6V6X9Y5V5S3J139
[2018-08-03T17:55:31.198] [DEBUG] default - server is running
[2018-08-03T17:55:31.199] [DEBUG] default - 4706
[2018-08-03T17:55:31.200] [DEBUG] default - 80P4X9M3J9M3E4P5A343
[2018-08-03T17:55:33.199] [DEBUG] default - server is running
[2018-08-03T17:55:33.201] [DEBUG] default - 0594
[2018-08-03T17:55:33.202] [DEBUG] default - 3743P418123099M855S0
[2018-08-03T17:55:35.203] [DEBUG] default - server is running
[2018-08-03T17:55:35.204] [DEBUG] default - 2129
[2018-08-03T17:55:35.205] [DEBUG] default - S8Y41130T8P054J866A1
[2018-08-03T17:55:37.205] [DEBUG] default - server is running
[2018-08-03T17:55:37.206] [DEBUG] default - 6885
[2018-08-03T17:55:37.207] [DEBUG] default - A956W5W0Z9V47753P3B1
[2018-08-03T17:55:39.208] [DEBUG] default - server is running
[2018-08-03T17:55:39.209] [DEBUG] default - 5663
[2018-08-03T17:55:39.210] [DEBUG] default - D0C6J191Q4C897X4M4Y6
[2018-08-03T17:55:41.210] [DEBUG] default - server is running
[2018-08-03T17:55:41.211] [DEBUG] default - 3494
[2018-08-03T17:55:41.212] [DEBUG] default - 44291737K5124539R8R4
[2018-08-03T17:55:43.212] [DEBUG] default - server is running
[2018-08-03T17:55:43.213] [DEBUG] default - 2469
[2018-08-03T17:55:43.214] [DEBUG] default - E6G76663H6Z7D6X780K5
[2018-08-03T17:55:45.215] [DEBUG] default - server is running
[2018-08-03T17:55:45.216] [DEBUG] default - 6222
[2018-08-03T17:55:45.217] [DEBUG] default - D2988225B7R7Q17542T2
[2018-08-03T17:55:47.219] [DEBUG] default - server is running
[2018-08-03T17:55:47.220] [DEBUG] default - 3466
[2018-08-03T17:55:47.222] [DEBUG] default - B2C583V8A954X4B3X6Z9
[2018-08-03T17:55:49.224] [DEBUG] default - server is running
[2018-08-03T17:55:49.225] [DEBUG] default - 7151
[2018-08-03T17:55:49.227] [DEBUG] default - S1Z880X9G8U8C14437L0
[2018-08-03T17:55:51.227] [DEBUG] default - server is running
[2018-08-03T17:55:51.228] [DEBUG] default - 7932
[2018-08-03T17:55:51.229] [DEBUG] default - 954532J7P828H1H7U1S1
[2018-08-03T17:55:53.229] [DEBUG] default - server is running
[2018-08-03T17:55:53.231] [DEBUG] default - 0257
[2018-08-03T17:55:53.232] [DEBUG] default - 14A519E7E7A6B03562C0
[2018-08-03T17:55:55.230] [DEBUG] default - server is running
[2018-08-03T17:55:55.231] [DEBUG] default - 8648
[2018-08-03T17:55:55.231] [DEBUG] default - M0A1A3Q3N3E620C2Q959
[2018-08-03T17:55:57.230] [DEBUG] default - server is running
[2018-08-03T17:55:57.233] [DEBUG] default - 1861
[2018-08-03T17:55:57.234] [DEBUG] default - 3227K7K959S2E1J6X0T6
[2018-08-03T17:55:59.230] [DEBUG] default - server is running
[2018-08-03T17:55:59.231] [DEBUG] default - 5495
[2018-08-03T17:55:59.232] [DEBUG] default - Y2V4L5W32457X092E5S2
[2018-08-03T17:56:01.233] [DEBUG] default - server is running
[2018-08-03T17:56:01.235] [DEBUG] default - 3539
[2018-08-03T17:56:01.236] [DEBUG] default - D342Q8T0W8Y7C9A0H0H8
[2018-08-03T17:56:03.238] [DEBUG] default - server is running
[2018-08-03T17:56:03.239] [DEBUG] default - 6212
[2018-08-03T17:56:03.241] [DEBUG] default - Z583L5B4W26525L7V6P9
[2018-08-06T09:24:00.991] [DEBUG] default - server is running
[2018-08-06T09:24:01.000] [DEBUG] default - 4745
[2018-08-06T09:24:01.002] [DEBUG] default - W7U1F0P1B6H286V2B6A1
[2018-08-06T09:24:02.994] [DEBUG] default - server is running
[2018-08-06T09:24:02.996] [DEBUG] default - 1877
[2018-08-06T09:24:02.998] [DEBUG] default - F224Z657H9H2E9S3T157
[2018-08-06T09:24:04.997] [DEBUG] default - server is running
[2018-08-06T09:24:04.998] [DEBUG] default - 1026
[2018-08-06T09:24:05.000] [DEBUG] default - V352G0U849H4T4K1E3P1
